app/build/intermediates/manifest_merge_blame_file/debug/manifest-merger-blame-debug-report.txt
1<?xml version="1.0" encoding="utf-8"?>
2<manifest xmlns:android="http://schemas.android.com/apk/res/android"
3    package="com.example.bmwparis"
4    android:versionCode="1"
5    android:versionName="1.0" >
6
7    <uses-sdk
8        android:minSdkVersion="28"
<<<<<<< HEAD
8-->src\main\AndroidManifest.xml
9        android:targetSdkVersion="29" />
9-->src\main\AndroidManifest.xml
10
11    <uses-permission android:name="android.permission.INTERNET" />
11-->src\main\AndroidManifest.xml:5:5-67
11-->src\main\AndroidManifest.xml:5:22-64
12
13    <application
13-->src\main\AndroidManifest.xml:7:5-41:19
14        android:allowBackup="true"
14-->src\main\AndroidManifest.xml:8:9-35
15        android:appComponentFactory="androidx.core.app.CoreComponentFactory"
15-->[androidx.core:core:1.0.1] AndroidManifest.xml:22:18-86
16        android:debuggable="true"
17        android:extractNativeLibs="false"
18        android:icon="@mipmap/ic_launcher"
18-->src\main\AndroidManifest.xml:9:9-43
19        android:label="@string/app_name"
19-->src\main\AndroidManifest.xml:10:9-41
20        android:networkSecurityConfig="@xml/network_security_config"
20-->src\main\AndroidManifest.xml:11:9-69
21        android:roundIcon="@mipmap/ic_launcher_round"
21-->src\main\AndroidManifest.xml:12:9-54
22        android:supportsRtl="true"
22-->src\main\AndroidManifest.xml:13:9-35
23        android:testOnly="true"
24        android:theme="@style/Theme.AppCompat.NoActionBar"
24-->src\main\AndroidManifest.xml:14:9-59
25        android:usesCleartextTraffic="true" >
25-->src\main\AndroidManifest.xml:15:9-44
26        <activity android:name="com.example.bmwparis.activity.gestionUsers.GestionUsersAjouter" />
26-->src\main\AndroidManifest.xml:16:9-88
26-->src\main\AndroidManifest.xml:16:19-76
27        <activity android:name="com.example.bmwparis.activity.gestionUsers.GestionUsersAdmins" />
27-->src\main\AndroidManifest.xml:17:9-78
27-->src\main\AndroidManifest.xml:17:19-75
28        <activity android:name="com.example.bmwparis.activity.gestionUsers.GestionUsersClients" />
28-->src\main\AndroidManifest.xml:18:9-79
28-->src\main\AndroidManifest.xml:18:19-76
29        <activity android:name="com.example.bmwparis.activity.gestionUsers.GestionUsers" />
29-->src\main\AndroidManifest.xml:19:9-72
29-->src\main\AndroidManifest.xml:19:19-69
30        <activity android:name="com.example.bmwparis.activity.gestionVehicules.GestionVehiculesAjouter" />
30-->src\main\AndroidManifest.xml:20:9-87
30-->src\main\AndroidManifest.xml:20:19-84
31        <activity
31-->src\main\AndroidManifest.xml:21:9-23:88
32            android:name="com.example.bmwparis.activity.gestionVehicules.GestionVehiculesClients"
32-->src\main\AndroidManifest.xml:22:13-78
33            android:parentActivityName="com.example.bmwparis.activity.gestionVehicules.GestionVehicules" />
33-->src\main\AndroidManifest.xml:23:13-85
34        <activity
34-->src\main\AndroidManifest.xml:24:9-26:88
35            android:name="com.example.bmwparis.activity.gestionVehicules.GestionVehiculesOccasions"
35-->src\main\AndroidManifest.xml:25:13-80
36            android:parentActivityName="com.example.bmwparis.activity.gestionVehicules.GestionVehicules" />
36-->src\main\AndroidManifest.xml:26:13-85
37        <activity
37-->src\main\AndroidManifest.xml:27:9-29:88
38            android:name="com.example.bmwparis.activity.gestionVehicules.GestionVehiculesNeufs"
38-->src\main\AndroidManifest.xml:28:13-76
39            android:parentActivityName="com.example.bmwparis.activity.gestionVehicules.GestionVehicules" />
39-->src\main\AndroidManifest.xml:29:13-85
40        <activity
40-->src\main\AndroidManifest.xml:30:9-32:64
41            android:name="com.example.bmwparis.activity.gestionVehicules.GestionVehicules"
41-->src\main\AndroidManifest.xml:31:13-71
42            android:parentActivityName="com.example.bmwparis.activity.AdminMenu" />
42-->src\main\AndroidManifest.xml:32:13-61
43        <activity android:name="com.example.bmwparis.activity.AdminMenu" />
43-->src\main\AndroidManifest.xml:33:9-56
43-->src\main\AndroidManifest.xml:33:19-53
44        <activity android:name="com.example.bmwparis.activity.connexion.MainActivity" >
44-->src\main\AndroidManifest.xml:34:9-40:20
44-->src\main\AndroidManifest.xml:34:19-66
45            <intent-filter>
45-->src\main\AndroidManifest.xml:35:13-39:29
46                <action android:name="android.intent.action.MAIN" />
46-->src\main\AndroidManifest.xml:36:17-69
46-->src\main\AndroidManifest.xml:36:25-66
47
48                <category android:name="android.intent.category.LAUNCHER" />
48-->src\main\AndroidManifest.xml:38:17-77
48-->src\main\AndroidManifest.xml:38:27-74
49            </intent-filter>
50        </activity>
51    </application>
52
53</manifest>
=======
8-->src\main\AndroidManifest.xml
9        android:targetSdkVersion="29" />
9-->src\main\AndroidManifest.xml
10
11    <uses-permission android:name="android.permission.INTERNET" />
11-->src\main\AndroidManifest.xml:5:5-67
11-->src\main\AndroidManifest.xml:5:22-64
12
13    <application
13-->src\main\AndroidManifest.xml:7:5-51:19
14        android:allowBackup="true"
14-->src\main\AndroidManifest.xml:8:9-35
15        android:appComponentFactory="androidx.core.app.CoreComponentFactory"
15-->[androidx.core:core:1.0.1] AndroidManifest.xml:22:18-86
16        android:debuggable="true"
17        android:extractNativeLibs="false"
18        android:icon="@mipmap/ic_launcher"
18-->src\main\AndroidManifest.xml:9:9-43
19        android:label="@string/app_name"
19-->src\main\AndroidManifest.xml:10:9-41
20        android:networkSecurityConfig="@xml/network_security_config"
20-->src\main\AndroidManifest.xml:11:9-69
21        android:roundIcon="@mipmap/ic_launcher_round"
21-->src\main\AndroidManifest.xml:12:9-54
22        android:supportsRtl="true"
22-->src\main\AndroidManifest.xml:13:9-35
23        android:testOnly="true"
24        android:theme="@style/AppTheme"
24-->src\main\AndroidManifest.xml:14:9-40
25        android:usesCleartextTraffic="true" >
25-->src\main\AndroidManifest.xml:15:9-44
26        <activity
26-->src\main\AndroidManifest.xml:16:9-18:75
27            android:name="com.example.bmwparis.activity.gestionVehicules.ajoutVehicules.AddVehiculeClient"
27-->src\main\AndroidManifest.xml:17:13-87
28            android:theme="@style/Theme.AppCompat.NoActionBar" />
28-->src\main\AndroidManifest.xml:18:13-63
29        <activity
29-->src\main\AndroidManifest.xml:19:9-145
30            android:name="com.example.bmwparis.activity.gestionVehicules.ajoutVehicules.AddVehiculeOccas"
30-->src\main\AndroidManifest.xml:19:19-92
31            android:theme="@style/Theme.AppCompat.NoActionBar" />
31-->src\main\AndroidManifest.xml:19:93-143
32        <activity
32-->src\main\AndroidManifest.xml:20:9-144
33            android:name="com.example.bmwparis.activity.gestionVehicules.ajoutVehicules.AddVehiculeNeuf"
33-->src\main\AndroidManifest.xml:20:19-91
34            android:theme="@style/Theme.AppCompat.NoActionBar" />
34-->src\main\AndroidManifest.xml:20:92-142
35        <activity android:name="com.example.bmwparis.activity.gestionUsers.GestionUsersTechs" />
35-->src\main\AndroidManifest.xml:21:9-86
35-->src\main\AndroidManifest.xml:21:19-74
36        <activity
36-->src\main\AndroidManifest.xml:22:9-129
37            android:name="com.example.bmwparis.activity.gestionUsers.GestionUsersAjouter"
37-->src\main\AndroidManifest.xml:22:19-76
38            android:theme="@style/Theme.AppCompat.NoActionBar" />
38-->src\main\AndroidManifest.xml:22:77-127
39        <activity
39-->src\main\AndroidManifest.xml:23:9-128
40            android:name="com.example.bmwparis.activity.gestionUsers.GestionUsersAdmins"
40-->src\main\AndroidManifest.xml:23:19-75
41            android:theme="@style/Theme.AppCompat.NoActionBar" />
41-->src\main\AndroidManifest.xml:23:76-126
42        <activity
42-->src\main\AndroidManifest.xml:24:9-129
43            android:name="com.example.bmwparis.activity.gestionUsers.GestionUsersClients"
43-->src\main\AndroidManifest.xml:24:19-76
44            android:theme="@style/Theme.AppCompat.NoActionBar" />
44-->src\main\AndroidManifest.xml:24:77-127
45        <activity
45-->src\main\AndroidManifest.xml:25:9-122
46            android:name="com.example.bmwparis.activity.gestionUsers.GestionUsers"
46-->src\main\AndroidManifest.xml:25:19-69
47            android:theme="@style/Theme.AppCompat.NoActionBar" />
47-->src\main\AndroidManifest.xml:25:70-120
48        <activity
48-->src\main\AndroidManifest.xml:26:9-137
49            android:name="com.example.bmwparis.activity.gestionVehicules.GestionVehiculesAjouter"
49-->src\main\AndroidManifest.xml:26:19-84
50            android:theme="@style/Theme.AppCompat.NoActionBar" />
50-->src\main\AndroidManifest.xml:26:85-135
51        <activity
51-->src\main\AndroidManifest.xml:27:9-30:88
52            android:name="com.example.bmwparis.activity.gestionVehicules.GestionVehiculesClients"
52-->src\main\AndroidManifest.xml:28:13-78
53            android:parentActivityName="com.example.bmwparis.activity.gestionVehicules.GestionVehicules"
53-->src\main\AndroidManifest.xml:30:13-85
54            android:theme="@style/Theme.AppCompat.NoActionBar" />
54-->src\main\AndroidManifest.xml:29:13-63
55        <activity
55-->src\main\AndroidManifest.xml:31:9-34:88
56            android:name="com.example.bmwparis.activity.gestionVehicules.GestionVehiculesOccasions"
56-->src\main\AndroidManifest.xml:32:13-80
57            android:parentActivityName="com.example.bmwparis.activity.gestionVehicules.GestionVehicules"
57-->src\main\AndroidManifest.xml:34:13-85
58            android:theme="@style/Theme.AppCompat.NoActionBar" />
58-->src\main\AndroidManifest.xml:33:13-63
59        <activity
59-->src\main\AndroidManifest.xml:35:9-38:88
60            android:name="com.example.bmwparis.activity.gestionVehicules.GestionVehiculesNeufs"
60-->src\main\AndroidManifest.xml:36:13-76
61            android:parentActivityName="com.example.bmwparis.activity.gestionVehicules.GestionVehicules"
61-->src\main\AndroidManifest.xml:38:13-85
62            android:theme="@style/Theme.AppCompat.NoActionBar" />
62-->src\main\AndroidManifest.xml:37:13-63
63        <activity
63-->src\main\AndroidManifest.xml:39:9-42:64
64            android:name="com.example.bmwparis.activity.gestionVehicules.GestionVehicules"
64-->src\main\AndroidManifest.xml:40:13-71
65            android:parentActivityName="com.example.bmwparis.activity.AdminMenu"
65-->src\main\AndroidManifest.xml:42:13-61
66            android:theme="@style/Theme.AppCompat.NoActionBar" />
66-->src\main\AndroidManifest.xml:41:13-63
67        <activity
67-->src\main\AndroidManifest.xml:43:9-106
68            android:name="com.example.bmwparis.activity.AdminMenu"
68-->src\main\AndroidManifest.xml:43:19-53
69            android:theme="@style/Theme.AppCompat.NoActionBar" />
69-->src\main\AndroidManifest.xml:43:54-104
70        <activity
70-->src\main\AndroidManifest.xml:44:9-50:20
71            android:name="com.example.bmwparis.activity.connexion.MainActivity"
71-->src\main\AndroidManifest.xml:44:19-66
72            android:theme="@style/Theme.AppCompat.NoActionBar" >
72-->src\main\AndroidManifest.xml:44:67-117
73            <intent-filter>
73-->src\main\AndroidManifest.xml:45:13-49:29
74                <action android:name="android.intent.action.MAIN" />
74-->src\main\AndroidManifest.xml:46:17-69
74-->src\main\AndroidManifest.xml:46:25-66
75
76                <category android:name="android.intent.category.LAUNCHER" />
76-->src\main\AndroidManifest.xml:48:17-77
76-->src\main\AndroidManifest.xml:48:27-74
77            </intent-filter>
78        </activity>
79    </application>
80
81</manifest>
>>>>>>> origin/master